<?xml version="1.0" encoding="UTF-8"?>
<!-- Generated by org.testng.reporters.JUnitXMLReporter -->
<testsuite ignored="4" hostname="LAPTOP-FOMJMEG3" failures="0" tests="1" name="Default test" time="13.273" errors="0" timestamp="2023-04-13T12:41:50 IST">
  <testcase classname="com.herokuapp.theinternet.Exceptions" name="timeoutExceptionTest" time="7.878"/>
  <testcase classname="com.herokuapp.theinternet.Exceptions" name="noSuchElementExceptionsTest" time="0.0">
    <ignored/>
  </testcase> <!-- noSuchElementExceptionsTest -->
  <testcase classname="com.herokuapp.theinternet.Exceptions" name="elementNotInteractableExceptionTest" time="0.0">
    <ignored/>
  </testcase> <!-- elementNotInteractableExceptionTest -->
  <testcase classname="com.herokuapp.theinternet.Exceptions" name="invalidElementStateExceptionTest" time="0.0">
    <ignored/>
  </testcase> <!-- invalidElementStateExceptionTest -->
  <testcase classname="com.herokuapp.theinternet.Exceptions" name="staleElementReferenceExceptionTest" time="0.0">
    <ignored/>
  </testcase> <!-- staleElementReferenceExceptionTest -->
</testsuite> <!-- Default test -->
