<?xml version="1.0" encoding="UTF-8"?>
<!-- Generated by org.testng.reporters.JUnitXMLReporter -->
<testsuite ignored="0" hostname="LAPTOP-FOMJMEG3" failures="1" tests="1" name="PositiveTest" time="31.203" errors="0" timestamp="2023-04-07T16:35:58 IST">
  <testcase classname="com.herokuapp.theinternet.PositiveTest" name="loginTest" time="31.14">
    <failure type="java.lang.AssertionError" message="Actual message is not as asme as expected expected [You logged into a secure area! ] but found [You logged into a secure area!
×]">
      <![CDATA[java.lang.AssertionError: Actual message is not as asme as expected expected [You logged into a secure area! ] but found [You logged into a secure area!
×]
at com.herokuapp.theinternet.PositiveTest.loginTest(PositiveTest.java:58)
at java.base/java.util.ArrayList.forEach(ArrayList.java:1511)
... Removed 30 stack frames]]>
    </failure>
  </testcase> <!-- loginTest -->
</testsuite> <!-- PositiveTest -->
