<?xml version="1.0" encoding="UTF-8"?>
<testng-results ignored="4" total="5" passed="1" failed="0" skipped="0">
  <reporter-output>
  </reporter-output>
  <suite started-at="2023-04-13T12:41:37 IST" name="Default suite" finished-at="2023-04-13T12:41:50 IST" duration-ms="13273">
    <groups>
    </groups>
    <test started-at="2023-04-13T12:41:37 IST" name="Default test" finished-at="2023-04-13T12:41:50 IST" duration-ms="13273">
      <class name="com.herokuapp.theinternet.Exceptions">
        <test-method is-config="true" signature="setUp()[pri:0, instance:com.herokuapp.theinternet.Exceptions@4cc451f2]" started-at="2023-04-13T12:41:37 IST" name="setUp" finished-at="2023-04-13T12:41:41 IST" duration-ms="4056" status="PASS">
          <reporter-output>
          </reporter-output>
        </test-method> <!-- setUp -->
        <test-method signature="timeoutExceptionTest()[pri:0, instance:com.herokuapp.theinternet.Exceptions@4cc451f2]" started-at="2023-04-13T12:41:41 IST" name="timeoutExceptionTest" finished-at="2023-04-13T12:41:48 IST" duration-ms="7878" status="PASS">
          <reporter-output>
          </reporter-output>
        </test-method> <!-- timeoutExceptionTest -->
        <test-method is-config="true" signature="tearDown()[pri:0, instance:com.herokuapp.theinternet.Exceptions@4cc451f2]" started-at="2023-04-13T12:41:48 IST" name="tearDown" finished-at="2023-04-13T12:41:50 IST" duration-ms="1303" status="PASS">
          <reporter-output>
          </reporter-output>
        </test-method> <!-- tearDown -->
      </class> <!-- com.herokuapp.theinternet.Exceptions -->
    </test> <!-- Default test -->
  </suite> <!-- Default suite -->
</testng-results>
