<?xml version="1.0" encoding="UTF-8"?>
<!-- Generated by org.testng.reporters.JUnitXMLReporter -->
<testsuite ignored="0" hostname="LAPTOP-FOMJMEG3" failures="0" tests="2" name="NegativePasswordTest" time="15.691" errors="0" timestamp="2023-04-10T23:20:08 IST">
  <testcase classname="com.herokuapp.theinternet.LoginTest" name="positiveloginTest" time="3.981"/>
  <testcase classname="com.herokuapp.theinternet.LoginTest" name="negativeLoginTest" time="3.852"/>
</testsuite> <!-- NegativePasswordTest -->
