<?xml version="1.0" encoding="UTF-8"?>
<!-- Generated by org.testng.reporters.JUnitXMLReporter -->
<testsuite ignored="1" hostname="LAPTOP-FOMJMEG3" failures="0" tests="1" name="NegativeTest" time="10.487" errors="0" timestamp="2023-04-09T11:35:45 IST">
  <testcase classname="com.herokuapp.theinternet.NegativeTest" name="IncorrectUsernameTest" time="10.432"/>
  <testcase classname="com.herokuapp.theinternet.NegativeTest" name="IncorrectPasswordTest" time="0.0">
    <ignored/>
  </testcase> <!-- IncorrectPasswordTest -->
</testsuite> <!-- NegativeTest -->
