<?xml version="1.0" encoding="UTF-8"?>
<!-- Generated by org.testng.reporters.JUnitXMLReporter -->
<testsuite ignored="2" hostname="LAPTOP-FOMJMEG3" failures="0" tests="0" time="0.005" errors="0" timestamp="2023-04-10T23:19:53 IST">
  <testcase classname="com.herokuapp.theinternet.LoginTest" name="negativeLoginTest" time="0.0">
    <ignored/>
  </testcase> <!-- negativeLoginTest -->
  <testcase classname="com.herokuapp.theinternet.LoginTest" name="positiveloginTest" time="0.0">
    <ignored/>
  </testcase> <!-- positiveloginTest -->
</testsuite>
